<?xml version="1.0" encoding="UTF-8"?>
<!-- Generated by org.testng.reporters.JUnitXMLReporter -->
<testsuite ignored="0" hostname="LAPTOP-8P3BR2PR" failures="0" tests="4" name="Test" time="38.435" errors="0" timestamp="2022-12-26T20:21:11 IST">
  <testcase classname="vtiger.GenericLibrary.Baseclass2" name="@AfterMethod LogoutFromAppln" time="0.014">
    <failure type="java.lang.IllegalArgumentException" message="Driver must be set">
      <![CDATA[java.lang.IllegalArgumentException: Driver must be set
at org.openqa.selenium.internal.Require.nonNull(Require.java:59)
at org.openqa.selenium.interactions.Actions.<init>(Actions.java:60)
at vtiger.GenericLibrary.WebDriverUtilities.Mousehover(WebDriverUtilities.java:131)
at vtiger.ObjectRepository.OrgAndcontactsHomepage.signout(OrgAndcontactsHomepage.java:48)
at vtiger.GenericLibrary.Baseclass2.LogoutFromAppln(Baseclass2.java:76)
at java.base/java.util.ArrayList.forEach(ArrayList.java:1511)
... Removed 32 stack frames]]>
    </failure>
  </testcase> <!-- @AfterMethod LogoutFromAppln -->
  <testcase classname="vtiger.GenericLibrary.Baseclass2" name="@BeforeMethod LoinIntoAppln" time="-1.672066271688E9">
    <skipped/>
  </testcase> <!-- @BeforeMethod LoinIntoAppln -->
  <testcase classname="vtiger.GenericLibrary.Baseclass2" name="@AfterMethod LogoutFromAppln" time="-1.672066271705E9">
    <skipped/>
  </testcase> <!-- @AfterMethod LogoutFromAppln -->
  <testcase classname="vtiger.GenericLibrary.Baseclass2" name="@BeforeMethod LoinIntoAppln" time="-1.672066271708E9">
    <skipped/>
  </testcase> <!-- @BeforeMethod LoinIntoAppln -->
  <testcase classname="vtiger.GenericLibrary.Baseclass2" name="@AfterMethod LogoutFromAppln" time="-1.672066271717E9">
    <skipped/>
  </testcase> <!-- @AfterMethod LogoutFromAppln -->
  <testcase classname="vtiger.GenericLibrary.Baseclass2" name="@BeforeMethod LoinIntoAppln" time="-1.672066271718E9">
    <skipped/>
  </testcase> <!-- @BeforeMethod LoinIntoAppln -->
  <testcase classname="vtiger.GenericLibrary.Baseclass2" name="@AfterMethod LogoutFromAppln" time="-1.672066271728E9">
    <skipped/>
  </testcase> <!-- @AfterMethod LogoutFromAppln -->
  <testcase classname="vtiger.GenericLibrary.Baseclass2" name="@AfterClass CloseBrowser" time="-1.672066271734E9">
    <skipped/>
  </testcase> <!-- @AfterClass CloseBrowser -->
  <testcase classname="vtigerOrganizationandContacts.CreateOrgWithContacts" name="Testcase1" time="28.427"/>
  <testcase classname="vtigerOrganizationandContacts.CreateOrgWithContacts" name="Testcase1" time="0.0">
    <skipped/>
  </testcase> <!-- Testcase1 -->
  <testcase classname="vtigerOrganizationandContacts.CreateOrgWithContacts" name="Testcase1" time="0.0">
    <skipped/>
  </testcase> <!-- Testcase1 -->
  <testcase classname="vtigerOrganizationandContacts.CreateOrgWithContacts" name="Testcase1" time="0.0">
    <skipped/>
  </testcase> <!-- Testcase1 -->
</testsuite> <!-- Test -->
