<?xml version="1.0" encoding="UTF-8"?>
<testng-results ignored="0" total="1" passed="1" failed="0" skipped="0">
  <reporter-output>
  </reporter-output>
  <suite started-at="2023-01-06T11:44:39 IST" name="Default suite" finished-at="2023-01-06T11:44:39 IST" duration-ms="100">
    <groups>
    </groups>
    <test started-at="2023-01-06T11:44:39 IST" name="Default test" finished-at="2023-01-06T11:44:39 IST" duration-ms="100">
      <class name="vtiger.Practise.ArgumentsFromCMDPROMT">
        <test-method signature="login()[pri:0, instance:vtiger.Practise.ArgumentsFromCMDPROMT@6a192cfe]" started-at="2023-01-06T11:44:39 IST" name="login" finished-at="2023-01-06T11:44:39 IST" duration-ms="28" status="PASS">
          <reporter-output>
          </reporter-output>
        </test-method> <!-- login -->
      </class> <!-- vtiger.Practise.ArgumentsFromCMDPROMT -->
    </test> <!-- Default test -->
  </suite> <!-- Default suite -->
</testng-results>
